\BOOKMARK [0][-]{chapter.1}{Introduction}{}% 1
\BOOKMARK [1][-]{section.1.1}{Aims}{chapter.1}% 2
\BOOKMARK [1][-]{section.1.2}{Scope}{chapter.1}% 3
\BOOKMARK [1][-]{section.1.3}{Contents of Report}{chapter.1}% 4
\BOOKMARK [1][-]{section.1.4}{Contributions}{chapter.1}% 5
\BOOKMARK [1][-]{section.1.5}{Background}{chapter.1}% 6
\BOOKMARK [0][-]{chapter.2}{Equipment and Procedure}{}% 7
\BOOKMARK [1][-]{section.2.1}{Equipment}{chapter.2}% 8
\BOOKMARK [2][-]{subsection.2.1.1}{Practical Equipment}{section.2.1}% 9
\BOOKMARK [2][-]{subsection.2.1.2}{Safety Equipment}{section.2.1}% 10
\BOOKMARK [1][-]{section.2.2}{Procedure}{chapter.2}% 11
\BOOKMARK [0][-]{chapter.3}{Results}{}% 12
\BOOKMARK [0][-]{chapter.4}{Analysis and Discussion}{}% 13
\BOOKMARK [1][-]{section.4.1}{Experimental vs Theory}{chapter.4}% 14
\BOOKMARK [1][-]{section.4.2}{50Hz Low Slip Region}{chapter.4}% 15
\BOOKMARK [1][-]{section.4.3}{Relationship Between Different Frequencies}{chapter.4}% 16
\BOOKMARK [1][-]{section.4.4}{Voltage and Speed Requirements to Drive Nominal Load at Set Speed}{chapter.4}% 17
\BOOKMARK [0][-]{chapter.5}{Design Analysis}{}% 18
\BOOKMARK [0][-]{chapter.6}{Conclusions}{}% 19
\BOOKMARK [0][-]{chapter.7}{Recommendations}{}% 20
\BOOKMARK [0][-]{chapter.8}{References}{}% 21
\BOOKMARK [0][-]{chapter.9}{Appendices}{}% 22
